Vivado Simulator 2018.3
Time resolution is 1 ps
WARNING: This core is supplied with a behavioral model. To model cycle-accurate behavior you must run timing simulation.
WARNING in cpu_tb.sdf.ram.inst at time                95000 ns: 
Reading from out-of-range address. Max address in cpu_tb.sdf.ram.inst is        8191
WARNING in cpu_tb.sdf.ram.inst at time                95000 ns: 
Reading from out-of-range address. Max address in cpu_tb.sdf.ram.inst is        8191
WARNING in cpu_tb.sdf.ram.inst at time               135000 ns: 
Reading from out-of-range address. Max address in cpu_tb.sdf.ram.inst is        8191
WARNING in cpu_tb.sdf.ram.inst at time               135000 ns: 
Reading from out-of-range address. Max address in cpu_tb.sdf.ram.inst is        8191
WARNING in cpu_tb.sdf.ram.inst at time               175000 ns: 
Reading from out-of-range address. Max address in cpu_tb.sdf.ram.inst is        8191
WARNING in cpu_tb.sdf.ram.inst at time               175000 ns: 
Reading from out-of-range address. Max address in cpu_tb.sdf.ram.inst is        8191
WARNING in cpu_tb.sdf.ram.inst at time               215000 ns: 
Reading from out-of-range address. Max address in cpu_tb.sdf.ram.inst is        8191
WARNING in cpu_tb.sdf.ram.inst at time               215000 ns: 
Reading from out-of-range address. Max address in cpu_tb.sdf.ram.inst is        8191
WARNING in cpu_tb.sdf.ram.inst at time               255000 ns: 
Reading from out-of-range address. Max address in cpu_tb.sdf.ram.inst is        8191
WARNING in cpu_tb.sdf.ram.inst at time               255000 ns: 
Reading from out-of-range address. Max address in cpu_tb.sdf.ram.inst is        8191
WARNING in cpu_tb.sdf.ram.inst at time               295000 ns: 
Reading from out-of-range address. Max address in cpu_tb.sdf.ram.inst is        8191
WARNING in cpu_tb.sdf.ram.inst at time               295000 ns: 
Reading from out-of-range address. Max address in cpu_tb.sdf.ram.inst is        8191
WARNING in cpu_tb.sdf.ram.inst at time               335000 ns: 
Reading from out-of-range address. Max address in cpu_tb.sdf.ram.inst is        8191
WARNING in cpu_tb.sdf.ram.inst at time               335000 ns: 
Reading from out-of-range address. Max address in cpu_tb.sdf.ram.inst is        8191
WARNING in cpu_tb.sdf.ram.inst at time               375000 ns: 
Reading from out-of-range address. Max address in cpu_tb.sdf.ram.inst is        8191
WARNING in cpu_tb.sdf.ram.inst at time               375000 ns: 
Reading from out-of-range address. Max address in cpu_tb.sdf.ram.inst is        8191
WARNING in cpu_tb.sdf.ram.inst at time               415000 ns: 
Reading from out-of-range address. Max address in cpu_tb.sdf.ram.inst is        8191
WARNING in cpu_tb.sdf.ram.inst at time               415000 ns: 
Reading from out-of-range address. Max address in cpu_tb.sdf.ram.inst is        8191
WARNING in cpu_tb.sdf.ram.inst at time               455000 ns: 
Reading from out-of-range address. Max address in cpu_tb.sdf.ram.inst is        8191
WARNING in cpu_tb.sdf.ram.inst at time               455000 ns: 
Reading from out-of-range address. Max address in cpu_tb.sdf.ram.inst is        8191
WARNING in cpu_tb.sdf.ram.inst at time               495000 ns: 
Reading from out-of-range address. Max address in cpu_tb.sdf.ram.inst is        8191
WARNING in cpu_tb.sdf.ram.inst at time               495000 ns: 
Reading from out-of-range address. Max address in cpu_tb.sdf.ram.inst is        8191
WARNING in cpu_tb.sdf.ram.inst at time               535000 ns: 
Reading from out-of-range address. Max address in cpu_tb.sdf.ram.inst is        8191
WARNING in cpu_tb.sdf.ram.inst at time               535000 ns: 
Reading from out-of-range address. Max address in cpu_tb.sdf.ram.inst is        8191
WARNING in cpu_tb.sdf.ram.inst at time               575000 ns: 
Reading from out-of-range address. Max address in cpu_tb.sdf.ram.inst is        8191
WARNING in cpu_tb.sdf.ram.inst at time               575000 ns: 
Reading from out-of-range address. Max address in cpu_tb.sdf.ram.inst is        8191
WARNING in cpu_tb.sdf.ram.inst at time               615000 ns: 
Reading from out-of-range address. Max address in cpu_tb.sdf.ram.inst is        8191
WARNING in cpu_tb.sdf.ram.inst at time               615000 ns: 
Reading from out-of-range address. Max address in cpu_tb.sdf.ram.inst is        8191
WARNING in cpu_tb.sdf.ram.inst at time               655000 ns: 
Reading from out-of-range address. Max address in cpu_tb.sdf.ram.inst is        8191
WARNING in cpu_tb.sdf.ram.inst at time               655000 ns: 
Reading from out-of-range address. Max address in cpu_tb.sdf.ram.inst is        8191
WARNING in cpu_tb.sdf.ram.inst at time               695000 ns: 
Reading from out-of-range address. Max address in cpu_tb.sdf.ram.inst is        8191
WARNING in cpu_tb.sdf.ram.inst at time               695000 ns: 
Reading from out-of-range address. Max address in cpu_tb.sdf.ram.inst is        8191
WARNING in cpu_tb.sdf.ram.inst at time               735000 ns: 
Reading from out-of-range address. Max address in cpu_tb.sdf.ram.inst is        8191
WARNING in cpu_tb.sdf.ram.inst at time               735000 ns: 
Reading from out-of-range address. Max address in cpu_tb.sdf.ram.inst is        8191
WARNING in cpu_tb.sdf.ram.inst at time               775000 ns: 
Reading from out-of-range address. Max address in cpu_tb.sdf.ram.inst is        8191
WARNING in cpu_tb.sdf.ram.inst at time               775000 ns: 
Reading from out-of-range address. Max address in cpu_tb.sdf.ram.inst is        8191
WARNING in cpu_tb.sdf.ram.inst at time               815000 ns: 
Reading from out-of-range address. Max address in cpu_tb.sdf.ram.inst is        8191
WARNING in cpu_tb.sdf.ram.inst at time               815000 ns: 
Reading from out-of-range address. Max address in cpu_tb.sdf.ram.inst is        8191
WARNING in cpu_tb.sdf.ram.inst at time               855000 ns: 
Reading from out-of-range address. Max address in cpu_tb.sdf.ram.inst is        8191
WARNING in cpu_tb.sdf.ram.inst at time               855000 ns: 
Reading from out-of-range address. Max address in cpu_tb.sdf.ram.inst is        8191
WARNING in cpu_tb.sdf.ram.inst at time               895000 ns: 
Reading from out-of-range address. Max address in cpu_tb.sdf.ram.inst is        8191
WARNING in cpu_tb.sdf.ram.inst at time               895000 ns: 
Reading from out-of-range address. Max address in cpu_tb.sdf.ram.inst is        8191
WARNING in cpu_tb.sdf.ram.inst at time               935000 ns: 
Reading from out-of-range address. Max address in cpu_tb.sdf.ram.inst is        8191
WARNING in cpu_tb.sdf.ram.inst at time               935000 ns: 
Reading from out-of-range address. Max address in cpu_tb.sdf.ram.inst is        8191
WARNING in cpu_tb.sdf.ram.inst at time               975000 ns: 
Reading from out-of-range address. Max address in cpu_tb.sdf.ram.inst is        8191
WARNING in cpu_tb.sdf.ram.inst at time               975000 ns: 
Reading from out-of-range address. Max address in cpu_tb.sdf.ram.inst is        8191
WARNING in cpu_tb.sdf.ram.inst at time              1015000 ns: 
Reading from out-of-range address. Max address in cpu_tb.sdf.ram.inst is        8191
WARNING in cpu_tb.sdf.ram.inst at time              1015000 ns: 
Reading from out-of-range address. Max address in cpu_tb.sdf.ram.inst is        8191
WARNING in cpu_tb.sdf.ram.inst at time              1053000 ns: 
Reading from out-of-range address. Max address in cpu_tb.sdf.ram.inst is        8191
WARNING in cpu_tb.sdf.ram.inst at time              1053000 ns: 
Reading from out-of-range address. Max address in cpu_tb.sdf.ram.inst is        8191
WARNING in cpu_tb.sdf.ram.inst at time              1153000 ns: 
Reading from out-of-range address. Max address in cpu_tb.sdf.ram.inst is        8191
WARNING in cpu_tb.sdf.ram.inst at time              1153000 ns: 
Reading from out-of-range address. Max address in cpu_tb.sdf.ram.inst is        8191
WARNING in cpu_tb.sdf.ram.inst at time              1207000 ns: 
Reading from out-of-range address. Max address in cpu_tb.sdf.ram.inst is        8191
WARNING in cpu_tb.sdf.ram.inst at time              1207000 ns: 
Reading from out-of-range address. Max address in cpu_tb.sdf.ram.inst is        8191
WARNING in cpu_tb.sdf.ram.inst at time              1219000 ns: 
Reading from out-of-range address. Max address in cpu_tb.sdf.ram.inst is        8191
WARNING in cpu_tb.sdf.ram.inst at time              1219000 ns: 
Reading from out-of-range address. Max address in cpu_tb.sdf.ram.inst is        8191
WARNING in cpu_tb.sdf.ram.inst at time              1233000 ns: 
Reading from out-of-range address. Max address in cpu_tb.sdf.ram.inst is        8191
WARNING in cpu_tb.sdf.ram.inst at time              1233000 ns: 
Reading from out-of-range address. Max address in cpu_tb.sdf.ram.inst is        8191
WARNING in cpu_tb.sdf.ram.inst at time              1261000 ns: 
Reading from out-of-range address. Max address in cpu_tb.sdf.ram.inst is        8191
WARNING in cpu_tb.sdf.ram.inst at time              1261000 ns: 
Reading from out-of-range address. Max address in cpu_tb.sdf.ram.inst is        8191
WARNING in cpu_tb.sdf.ram.inst at time              1273000 ns: 
Reading from out-of-range address. Max address in cpu_tb.sdf.ram.inst is        8191
WARNING in cpu_tb.sdf.ram.inst at time              1273000 ns: 
Reading from out-of-range address. Max address in cpu_tb.sdf.ram.inst is        8191
WARNING in cpu_tb.sdf.ram.inst at time              1287000 ns: 
Reading from out-of-range address. Max address in cpu_tb.sdf.ram.inst is        8191
WARNING in cpu_tb.sdf.ram.inst at time              1287000 ns: 
Reading from out-of-range address. Max address in cpu_tb.sdf.ram.inst is        8191
WARNING in cpu_tb.sdf.ram.inst at time              1323000 ns: 
Reading from out-of-range address. Max address in cpu_tb.sdf.ram.inst is        8191
WARNING in cpu_tb.sdf.ram.inst at time              1323000 ns: 
Reading from out-of-range address. Max address in cpu_tb.sdf.ram.inst is        8191
WARNING in cpu_tb.sdf.ram.inst at time              1335000 ns: 
Reading from out-of-range address. Max address in cpu_tb.sdf.ram.inst is        8191
WARNING in cpu_tb.sdf.ram.inst at time              1335000 ns: 
Reading from out-of-range address. Max address in cpu_tb.sdf.ram.inst is        8191
WARNING in cpu_tb.sdf.ram.inst at time              1349000 ns: 
Reading from out-of-range address. Max address in cpu_tb.sdf.ram.inst is        8191
WARNING in cpu_tb.sdf.ram.inst at time              1349000 ns: 
Reading from out-of-range address. Max address in cpu_tb.sdf.ram.inst is        8191
WARNING in cpu_tb.sdf.ram.inst at time              1385000 ns: 
Reading from out-of-range address. Max address in cpu_tb.sdf.ram.inst is        8191
WARNING in cpu_tb.sdf.ram.inst at time              1385000 ns: 
Reading from out-of-range address. Max address in cpu_tb.sdf.ram.inst is        8191
WARNING in cpu_tb.sdf.ram.inst at time              1397000 ns: 
Reading from out-of-range address. Max address in cpu_tb.sdf.ram.inst is        8191
WARNING in cpu_tb.sdf.ram.inst at time              1397000 ns: 
Reading from out-of-range address. Max address in cpu_tb.sdf.ram.inst is        8191
WARNING in cpu_tb.sdf.ram.inst at time              1411000 ns: 
Reading from out-of-range address. Max address in cpu_tb.sdf.ram.inst is        8191
WARNING in cpu_tb.sdf.ram.inst at time              1411000 ns: 
Reading from out-of-range address. Max address in cpu_tb.sdf.ram.inst is        8191
WARNING in cpu_tb.sdf.ram.inst at time              1449000 ns: 
Reading from out-of-range address. Max address in cpu_tb.sdf.ram.inst is        8191
WARNING in cpu_tb.sdf.ram.inst at time              1449000 ns: 
Reading from out-of-range address. Max address in cpu_tb.sdf.ram.inst is        8191
WARNING in cpu_tb.sdf.ram.inst at time              1555000 ns: 
Reading from out-of-range address. Max address in cpu_tb.sdf.ram.inst is        8191
WARNING in cpu_tb.sdf.ram.inst at time              1555000 ns: 
Reading from out-of-range address. Max address in cpu_tb.sdf.ram.inst is        8191
WARNING in cpu_tb.sdf.ram.inst at time              1585000 ns: 
Reading from out-of-range address. Max address in cpu_tb.sdf.ram.inst is        8191
WARNING in cpu_tb.sdf.ram.inst at time              1585000 ns: 
Reading from out-of-range address. Max address in cpu_tb.sdf.ram.inst is        8191
WARNING in cpu_tb.sdf.ram.inst at time              1623000 ns: 
Reading from out-of-range address. Max address in cpu_tb.sdf.ram.inst is        8191
WARNING in cpu_tb.sdf.ram.inst at time              1623000 ns: 
Reading from out-of-range address. Max address in cpu_tb.sdf.ram.inst is        8191
WARNING in cpu_tb.sdf.ram.inst at time              1721000 ns: 
Reading from out-of-range address. Max address in cpu_tb.sdf.ram.inst is        8191
WARNING in cpu_tb.sdf.ram.inst at time              1721000 ns: 
Reading from out-of-range address. Max address in cpu_tb.sdf.ram.inst is        8191
WARNING in cpu_tb.sdf.ram.inst at time              1751000 ns: 
Reading from out-of-range address. Max address in cpu_tb.sdf.ram.inst is        8191
WARNING in cpu_tb.sdf.ram.inst at time              1751000 ns: 
Reading from out-of-range address. Max address in cpu_tb.sdf.ram.inst is        8191
WARNING in cpu_tb.sdf.ram.inst at time              1817000 ns: 
Reading from out-of-range address. Max address in cpu_tb.sdf.ram.inst is        8191
WARNING in cpu_tb.sdf.ram.inst at time              1817000 ns: 
Reading from out-of-range address. Max address in cpu_tb.sdf.ram.inst is        8191
WARNING in cpu_tb.sdf.ram.inst at time              1847000 ns: 
Reading from out-of-range address. Max address in cpu_tb.sdf.ram.inst is        8191
WARNING in cpu_tb.sdf.ram.inst at time              1847000 ns: 
Reading from out-of-range address. Max address in cpu_tb.sdf.ram.inst is        8191
WARNING in cpu_tb.sdf.ram.inst at time              1921000 ns: 
Reading from out-of-range address. Max address in cpu_tb.sdf.ram.inst is        8191
WARNING in cpu_tb.sdf.ram.inst at time              1921000 ns: 
Reading from out-of-range address. Max address in cpu_tb.sdf.ram.inst is        8191
WARNING in cpu_tb.sdf.ram.inst at time              1951000 ns: 
Reading from out-of-range address. Max address in cpu_tb.sdf.ram.inst is        8191
WARNING in cpu_tb.sdf.ram.inst at time              1951000 ns: 
Reading from out-of-range address. Max address in cpu_tb.sdf.ram.inst is        8191
WARNING in cpu_tb.sdf.ram.inst at time              1989000 ns: 
Reading from out-of-range address. Max address in cpu_tb.sdf.ram.inst is        8191
WARNING in cpu_tb.sdf.ram.inst at time              1989000 ns: 
Reading from out-of-range address. Max address in cpu_tb.sdf.ram.inst is        8191
WARNING in cpu_tb.sdf.ram.inst at time              2099000 ns: 
Reading from out-of-range address. Max address in cpu_tb.sdf.ram.inst is        8191
WARNING in cpu_tb.sdf.ram.inst at time              2099000 ns: 
Reading from out-of-range address. Max address in cpu_tb.sdf.ram.inst is        8191
WARNING in cpu_tb.sdf.ram.inst at time              2129000 ns: 
Reading from out-of-range address. Max address in cpu_tb.sdf.ram.inst is        8191
WARNING in cpu_tb.sdf.ram.inst at time              2129000 ns: 
Reading from out-of-range address. Max address in cpu_tb.sdf.ram.inst is        8191
WARNING in cpu_tb.sdf.ram.inst at time              2215000 ns: 
Reading from out-of-range address. Max address in cpu_tb.sdf.ram.inst is        8191
WARNING in cpu_tb.sdf.ram.inst at time              2215000 ns: 
Reading from out-of-range address. Max address in cpu_tb.sdf.ram.inst is        8191
WARNING in cpu_tb.sdf.ram.inst at time              2245000 ns: 
Reading from out-of-range address. Max address in cpu_tb.sdf.ram.inst is        8191
WARNING in cpu_tb.sdf.ram.inst at time              2245000 ns: 
Reading from out-of-range address. Max address in cpu_tb.sdf.ram.inst is        8191
WARNING in cpu_tb.sdf.ram.inst at time              2283000 ns: 
Reading from out-of-range address. Max address in cpu_tb.sdf.ram.inst is        8191
WARNING in cpu_tb.sdf.ram.inst at time              2283000 ns: 
Reading from out-of-range address. Max address in cpu_tb.sdf.ram.inst is        8191
WARNING in cpu_tb.sdf.ram.inst at time              2393000 ns: 
Reading from out-of-range address. Max address in cpu_tb.sdf.ram.inst is        8191
WARNING in cpu_tb.sdf.ram.inst at time              2393000 ns: 
Reading from out-of-range address. Max address in cpu_tb.sdf.ram.inst is        8191
WARNING in cpu_tb.sdf.ram.inst at time              2423000 ns: 
Reading from out-of-range address. Max address in cpu_tb.sdf.ram.inst is        8191
WARNING in cpu_tb.sdf.ram.inst at time              2423000 ns: 
Reading from out-of-range address. Max address in cpu_tb.sdf.ram.inst is        8191
WARNING in cpu_tb.sdf.ram.inst at time              2491000 ns: 
Reading from out-of-range address. Max address in cpu_tb.sdf.ram.inst is        8191
WARNING in cpu_tb.sdf.ram.inst at time              2491000 ns: 
Reading from out-of-range address. Max address in cpu_tb.sdf.ram.inst is        8191
WARNING in cpu_tb.sdf.ram.inst at time              2575000 ns: 
Reading from out-of-range address. Max address in cpu_tb.sdf.ram.inst is        8191
WARNING in cpu_tb.sdf.ram.inst at time              2575000 ns: 
Reading from out-of-range address. Max address in cpu_tb.sdf.ram.inst is        8191
WARNING in cpu_tb.sdf.ram.inst at time              2659000 ns: 
Reading from out-of-range address. Max address in cpu_tb.sdf.ram.inst is        8191
WARNING in cpu_tb.sdf.ram.inst at time              2659000 ns: 
Reading from out-of-range address. Max address in cpu_tb.sdf.ram.inst is        8191
WARNING in cpu_tb.sdf.ram.inst at time              2697000 ns: 
Reading from out-of-range address. Max address in cpu_tb.sdf.ram.inst is        8191
WARNING in cpu_tb.sdf.ram.inst at time              2697000 ns: 
Reading from out-of-range address. Max address in cpu_tb.sdf.ram.inst is        8191
WARNING in cpu_tb.sdf.ram.inst at time              2805000 ns: 
Reading from out-of-range address. Max address in cpu_tb.sdf.ram.inst is        8191
WARNING in cpu_tb.sdf.ram.inst at time              2805000 ns: 
Reading from out-of-range address. Max address in cpu_tb.sdf.ram.inst is        8191
WARNING in cpu_tb.sdf.ram.inst at time              2889000 ns: 
Reading from out-of-range address. Max address in cpu_tb.sdf.ram.inst is        8191
WARNING in cpu_tb.sdf.ram.inst at time              2889000 ns: 
Reading from out-of-range address. Max address in cpu_tb.sdf.ram.inst is        8191
WARNING in cpu_tb.sdf.ram.inst at time              2949000 ns: 
Reading from out-of-range address. Max address in cpu_tb.sdf.ram.inst is        8191
WARNING in cpu_tb.sdf.ram.inst at time              2949000 ns: 
Reading from out-of-range address. Max address in cpu_tb.sdf.ram.inst is        8191
WARNING in cpu_tb.sdf.ram.inst at time              2987000 ns: 
Reading from out-of-range address. Max address in cpu_tb.sdf.ram.inst is        8191
WARNING in cpu_tb.sdf.ram.inst at time              2987000 ns: 
Reading from out-of-range address. Max address in cpu_tb.sdf.ram.inst is        8191
WARNING in cpu_tb.sdf.ram.inst at time              3103000 ns: 
Reading from out-of-range address. Max address in cpu_tb.sdf.ram.inst is        8191
WARNING in cpu_tb.sdf.ram.inst at time              3103000 ns: 
Reading from out-of-range address. Max address in cpu_tb.sdf.ram.inst is        8191
WARNING in cpu_tb.sdf.ram.inst at time              3179000 ns: 
Reading from out-of-range address. Max address in cpu_tb.sdf.ram.inst is        8191
WARNING in cpu_tb.sdf.ram.inst at time              3179000 ns: 
Reading from out-of-range address. Max address in cpu_tb.sdf.ram.inst is        8191
WARNING in cpu_tb.sdf.ram.inst at time              3239000 ns: 
Reading from out-of-range address. Max address in cpu_tb.sdf.ram.inst is        8191
WARNING in cpu_tb.sdf.ram.inst at time              3239000 ns: 
Reading from out-of-range address. Max address in cpu_tb.sdf.ram.inst is        8191
WARNING in cpu_tb.sdf.ram.inst at time              3277000 ns: 
Reading from out-of-range address. Max address in cpu_tb.sdf.ram.inst is        8191
WARNING in cpu_tb.sdf.ram.inst at time              3277000 ns: 
Reading from out-of-range address. Max address in cpu_tb.sdf.ram.inst is        8191
WARNING in cpu_tb.sdf.ram.inst at time              3385000 ns: 
Reading from out-of-range address. Max address in cpu_tb.sdf.ram.inst is        8191
WARNING in cpu_tb.sdf.ram.inst at time              3385000 ns: 
Reading from out-of-range address. Max address in cpu_tb.sdf.ram.inst is        8191
WARNING in cpu_tb.sdf.ram.inst at time              3461000 ns: 
Reading from out-of-range address. Max address in cpu_tb.sdf.ram.inst is        8191
WARNING in cpu_tb.sdf.ram.inst at time              3461000 ns: 
Reading from out-of-range address. Max address in cpu_tb.sdf.ram.inst is        8191
WARNING in cpu_tb.sdf.ram.inst at time              3519000 ns: 
Reading from out-of-range address. Max address in cpu_tb.sdf.ram.inst is        8191
WARNING in cpu_tb.sdf.ram.inst at time              3519000 ns: 
Reading from out-of-range address. Max address in cpu_tb.sdf.ram.inst is        8191
WARNING in cpu_tb.sdf.ram.inst at time              3585000 ns: 
Reading from out-of-range address. Max address in cpu_tb.sdf.ram.inst is        8191
WARNING in cpu_tb.sdf.ram.inst at time              3585000 ns: 
Reading from out-of-range address. Max address in cpu_tb.sdf.ram.inst is        8191
WARNING in cpu_tb.sdf.ram.inst at time              3623000 ns: 
Reading from out-of-range address. Max address in cpu_tb.sdf.ram.inst is        8191
WARNING in cpu_tb.sdf.ram.inst at time              3623000 ns: 
Reading from out-of-range address. Max address in cpu_tb.sdf.ram.inst is        8191
WARNING in cpu_tb.sdf.ram.inst at time              3705000 ns: 
Reading from out-of-range address. Max address in cpu_tb.sdf.ram.inst is        8191
WARNING in cpu_tb.sdf.ram.inst at time              3705000 ns: 
Reading from out-of-range address. Max address in cpu_tb.sdf.ram.inst is        8191
WARNING in cpu_tb.sdf.ram.inst at time              3771000 ns: 
Reading from out-of-range address. Max address in cpu_tb.sdf.ram.inst is        8191
WARNING in cpu_tb.sdf.ram.inst at time              3771000 ns: 
Reading from out-of-range address. Max address in cpu_tb.sdf.ram.inst is        8191
WARNING in cpu_tb.sdf.ram.inst at time              3847000 ns: 
Reading from out-of-range address. Max address in cpu_tb.sdf.ram.inst is        8191
WARNING in cpu_tb.sdf.ram.inst at time              3847000 ns: 
Reading from out-of-range address. Max address in cpu_tb.sdf.ram.inst is        8191
WARNING in cpu_tb.sdf.ram.inst at time              3877000 ns: 
Reading from out-of-range address. Max address in cpu_tb.sdf.ram.inst is        8191
WARNING in cpu_tb.sdf.ram.inst at time              3877000 ns: 
Reading from out-of-range address. Max address in cpu_tb.sdf.ram.inst is        8191
WARNING in cpu_tb.sdf.ram.inst at time              3935000 ns: 
Reading from out-of-range address. Max address in cpu_tb.sdf.ram.inst is        8191
WARNING in cpu_tb.sdf.ram.inst at time              3935000 ns: 
Reading from out-of-range address. Max address in cpu_tb.sdf.ram.inst is        8191
WARNING in cpu_tb.sdf.ram.inst at time              4011000 ns: 
Reading from out-of-range address. Max address in cpu_tb.sdf.ram.inst is        8191
WARNING in cpu_tb.sdf.ram.inst at time              4011000 ns: 
Reading from out-of-range address. Max address in cpu_tb.sdf.ram.inst is        8191
WARNING in cpu_tb.sdf.ram.inst at time              4041000 ns: 
Reading from out-of-range address. Max address in cpu_tb.sdf.ram.inst is        8191
WARNING in cpu_tb.sdf.ram.inst at time              4041000 ns: 
Reading from out-of-range address. Max address in cpu_tb.sdf.ram.inst is        8191
WARNING in cpu_tb.sdf.ram.inst at time              4079000 ns: 
Reading from out-of-range address. Max address in cpu_tb.sdf.ram.inst is        8191
WARNING in cpu_tb.sdf.ram.inst at time              4079000 ns: 
Reading from out-of-range address. Max address in cpu_tb.sdf.ram.inst is        8191
WARNING in cpu_tb.sdf.ram.inst at time              4161000 ns: 
Reading from out-of-range address. Max address in cpu_tb.sdf.ram.inst is        8191
WARNING in cpu_tb.sdf.ram.inst at time              4161000 ns: 
Reading from out-of-range address. Max address in cpu_tb.sdf.ram.inst is        8191
WARNING in cpu_tb.sdf.ram.inst at time              4227000 ns: 
Reading from out-of-range address. Max address in cpu_tb.sdf.ram.inst is        8191
WARNING in cpu_tb.sdf.ram.inst at time              4227000 ns: 
Reading from out-of-range address. Max address in cpu_tb.sdf.ram.inst is        8191
WARNING in cpu_tb.sdf.ram.inst at time              4275000 ns: 
Reading from out-of-range address. Max address in cpu_tb.sdf.ram.inst is        8191
WARNING in cpu_tb.sdf.ram.inst at time              4275000 ns: 
Reading from out-of-range address. Max address in cpu_tb.sdf.ram.inst is        8191
WARNING in cpu_tb.sdf.ram.inst at time              4333000 ns: 
Reading from out-of-range address. Max address in cpu_tb.sdf.ram.inst is        8191
WARNING in cpu_tb.sdf.ram.inst at time              4333000 ns: 
Reading from out-of-range address. Max address in cpu_tb.sdf.ram.inst is        8191
WARNING in cpu_tb.sdf.ram.inst at time              4363000 ns: 
Reading from out-of-range address. Max address in cpu_tb.sdf.ram.inst is        8191
WARNING in cpu_tb.sdf.ram.inst at time              4363000 ns: 
Reading from out-of-range address. Max address in cpu_tb.sdf.ram.inst is        8191
WARNING in cpu_tb.sdf.ram.inst at time              4421000 ns: 
Reading from out-of-range address. Max address in cpu_tb.sdf.ram.inst is        8191
WARNING in cpu_tb.sdf.ram.inst at time              4421000 ns: 
Reading from out-of-range address. Max address in cpu_tb.sdf.ram.inst is        8191
WARNING in cpu_tb.sdf.ram.inst at time              4451000 ns: 
Reading from out-of-range address. Max address in cpu_tb.sdf.ram.inst is        8191
WARNING in cpu_tb.sdf.ram.inst at time              4451000 ns: 
Reading from out-of-range address. Max address in cpu_tb.sdf.ram.inst is        8191
WARNING in cpu_tb.sdf.ram.inst at time              4507000 ns: 
Reading from out-of-range address. Max address in cpu_tb.sdf.ram.inst is        8191
WARNING in cpu_tb.sdf.ram.inst at time              4507000 ns: 
Reading from out-of-range address. Max address in cpu_tb.sdf.ram.inst is        8191
WARNING in cpu_tb.sdf.ram.inst at time              4537000 ns: 
Reading from out-of-range address. Max address in cpu_tb.sdf.ram.inst is        8191
WARNING in cpu_tb.sdf.ram.inst at time              4537000 ns: 
Reading from out-of-range address. Max address in cpu_tb.sdf.ram.inst is        8191
WARNING in cpu_tb.sdf.ram.inst at time              4575000 ns: 
Reading from out-of-range address. Max address in cpu_tb.sdf.ram.inst is        8191
WARNING in cpu_tb.sdf.ram.inst at time              4575000 ns: 
Reading from out-of-range address. Max address in cpu_tb.sdf.ram.inst is        8191
WARNING in cpu_tb.sdf.ram.inst at time              4665000 ns: 
Reading from out-of-range address. Max address in cpu_tb.sdf.ram.inst is        8191
WARNING in cpu_tb.sdf.ram.inst at time              4665000 ns: 
Reading from out-of-range address. Max address in cpu_tb.sdf.ram.inst is        8191
WARNING in cpu_tb.sdf.ram.inst at time              4695000 ns: 
Reading from out-of-range address. Max address in cpu_tb.sdf.ram.inst is        8191
WARNING in cpu_tb.sdf.ram.inst at time              4695000 ns: 
Reading from out-of-range address. Max address in cpu_tb.sdf.ram.inst is        8191
WARNING in cpu_tb.sdf.ram.inst at time              4753000 ns: 
Reading from out-of-range address. Max address in cpu_tb.sdf.ram.inst is        8191
WARNING in cpu_tb.sdf.ram.inst at time              4753000 ns: 
Reading from out-of-range address. Max address in cpu_tb.sdf.ram.inst is        8191
WARNING in cpu_tb.sdf.ram.inst at time              4783000 ns: 
Reading from out-of-range address. Max address in cpu_tb.sdf.ram.inst is        8191
WARNING in cpu_tb.sdf.ram.inst at time              4783000 ns: 
Reading from out-of-range address. Max address in cpu_tb.sdf.ram.inst is        8191
WARNING in cpu_tb.sdf.ram.inst at time              4839000 ns: 
Reading from out-of-range address. Max address in cpu_tb.sdf.ram.inst is        8191
WARNING in cpu_tb.sdf.ram.inst at time              4839000 ns: 
Reading from out-of-range address. Max address in cpu_tb.sdf.ram.inst is        8191
WARNING in cpu_tb.sdf.ram.inst at time              4869000 ns: 
Reading from out-of-range address. Max address in cpu_tb.sdf.ram.inst is        8191
WARNING in cpu_tb.sdf.ram.inst at time              4869000 ns: 
Reading from out-of-range address. Max address in cpu_tb.sdf.ram.inst is        8191
WARNING in cpu_tb.sdf.ram.inst at time              4907000 ns: 
Reading from out-of-range address. Max address in cpu_tb.sdf.ram.inst is        8191
WARNING in cpu_tb.sdf.ram.inst at time              4907000 ns: 
Reading from out-of-range address. Max address in cpu_tb.sdf.ram.inst is        8191
WARNING in cpu_tb.sdf.ram.inst at time              4989000 ns: 
Reading from out-of-range address. Max address in cpu_tb.sdf.ram.inst is        8191
WARNING in cpu_tb.sdf.ram.inst at time              4989000 ns: 
Reading from out-of-range address. Max address in cpu_tb.sdf.ram.inst is        8191
WARNING in cpu_tb.sdf.ram.inst at time              5019000 ns: 
Reading from out-of-range address. Max address in cpu_tb.sdf.ram.inst is        8191
WARNING in cpu_tb.sdf.ram.inst at time              5019000 ns: 
Reading from out-of-range address. Max address in cpu_tb.sdf.ram.inst is        8191
WARNING in cpu_tb.sdf.ram.inst at time              5069000 ns: 
Reading from out-of-range address. Max address in cpu_tb.sdf.ram.inst is        8191
WARNING in cpu_tb.sdf.ram.inst at time              5069000 ns: 
Reading from out-of-range address. Max address in cpu_tb.sdf.ram.inst is        8191
WARNING in cpu_tb.sdf.ram.inst at time              5099000 ns: 
Reading from out-of-range address. Max address in cpu_tb.sdf.ram.inst is        8191
WARNING in cpu_tb.sdf.ram.inst at time              5099000 ns: 
Reading from out-of-range address. Max address in cpu_tb.sdf.ram.inst is        8191
WARNING in cpu_tb.sdf.ram.inst at time              5149000 ns: 
Reading from out-of-range address. Max address in cpu_tb.sdf.ram.inst is        8191
WARNING in cpu_tb.sdf.ram.inst at time              5149000 ns: 
Reading from out-of-range address. Max address in cpu_tb.sdf.ram.inst is        8191
WARNING in cpu_tb.sdf.ram.inst at time              5179000 ns: 
Reading from out-of-range address. Max address in cpu_tb.sdf.ram.inst is        8191
WARNING in cpu_tb.sdf.ram.inst at time              5179000 ns: 
Reading from out-of-range address. Max address in cpu_tb.sdf.ram.inst is        8191
WARNING in cpu_tb.sdf.ram.inst at time              5219000 ns: 
Reading from out-of-range address. Max address in cpu_tb.sdf.ram.inst is        8191
WARNING in cpu_tb.sdf.ram.inst at time              5219000 ns: 
Reading from out-of-range address. Max address in cpu_tb.sdf.ram.inst is        8191
WARNING in cpu_tb.sdf.ram.inst at time              5249000 ns: 
Reading from out-of-range address. Max address in cpu_tb.sdf.ram.inst is        8191
WARNING in cpu_tb.sdf.ram.inst at time              5249000 ns: 
Reading from out-of-range address. Max address in cpu_tb.sdf.ram.inst is        8191
WARNING in cpu_tb.sdf.ram.inst at time              5289000 ns: 
Reading from out-of-range address. Max address in cpu_tb.sdf.ram.inst is        8191
WARNING in cpu_tb.sdf.ram.inst at time              5289000 ns: 
Reading from out-of-range address. Max address in cpu_tb.sdf.ram.inst is        8191
WARNING in cpu_tb.sdf.ram.inst at time              5319000 ns: 
Reading from out-of-range address. Max address in cpu_tb.sdf.ram.inst is        8191
WARNING in cpu_tb.sdf.ram.inst at time              5319000 ns: 
Reading from out-of-range address. Max address in cpu_tb.sdf.ram.inst is        8191
WARNING in cpu_tb.sdf.ram.inst at time              5357000 ns: 
Reading from out-of-range address. Max address in cpu_tb.sdf.ram.inst is        8191
WARNING in cpu_tb.sdf.ram.inst at time              5357000 ns: 
Reading from out-of-range address. Max address in cpu_tb.sdf.ram.inst is        8191
WARNING in cpu_tb.sdf.ram.inst at time              5429000 ns: 
Reading from out-of-range address. Max address in cpu_tb.sdf.ram.inst is        8191
WARNING in cpu_tb.sdf.ram.inst at time              5429000 ns: 
Reading from out-of-range address. Max address in cpu_tb.sdf.ram.inst is        8191
WARNING in cpu_tb.sdf.ram.inst at time              5459000 ns: 
Reading from out-of-range address. Max address in cpu_tb.sdf.ram.inst is        8191
WARNING in cpu_tb.sdf.ram.inst at time              5459000 ns: 
Reading from out-of-range address. Max address in cpu_tb.sdf.ram.inst is        8191
WARNING in cpu_tb.sdf.ram.inst at time              5489000 ns: 
Reading from out-of-range address. Max address in cpu_tb.sdf.ram.inst is        8191
WARNING in cpu_tb.sdf.ram.inst at time              5489000 ns: 
Reading from out-of-range address. Max address in cpu_tb.sdf.ram.inst is        8191
WARNING in cpu_tb.sdf.ram.inst at time              5547000 ns: 
Reading from out-of-range address. Max address in cpu_tb.sdf.ram.inst is        8191
WARNING in cpu_tb.sdf.ram.inst at time              5547000 ns: 
Reading from out-of-range address. Max address in cpu_tb.sdf.ram.inst is        8191
WARNING in cpu_tb.sdf.ram.inst at time              5605000 ns: 
Reading from out-of-range address. Max address in cpu_tb.sdf.ram.inst is        8191
WARNING in cpu_tb.sdf.ram.inst at time              5605000 ns: 
Reading from out-of-range address. Max address in cpu_tb.sdf.ram.inst is        8191
WARNING in cpu_tb.sdf.ram.inst at time              5655000 ns: 
Reading from out-of-range address. Max address in cpu_tb.sdf.ram.inst is        8191
WARNING in cpu_tb.sdf.ram.inst at time              5655000 ns: 
Reading from out-of-range address. Max address in cpu_tb.sdf.ram.inst is        8191
WARNING in cpu_tb.sdf.ram.inst at time              5695000 ns: 
Reading from out-of-range address. Max address in cpu_tb.sdf.ram.inst is        8191
WARNING in cpu_tb.sdf.ram.inst at time              5695000 ns: 
Reading from out-of-range address. Max address in cpu_tb.sdf.ram.inst is        8191
WARNING in cpu_tb.sdf.ram.inst at time              5725000 ns: 
Reading from out-of-range address. Max address in cpu_tb.sdf.ram.inst is        8191
WARNING in cpu_tb.sdf.ram.inst at time              5725000 ns: 
Reading from out-of-range address. Max address in cpu_tb.sdf.ram.inst is        8191
WARNING in cpu_tb.sdf.ram.inst at time              5755000 ns: 
Reading from out-of-range address. Max address in cpu_tb.sdf.ram.inst is        8191
WARNING in cpu_tb.sdf.ram.inst at time              5755000 ns: 
Reading from out-of-range address. Max address in cpu_tb.sdf.ram.inst is        8191
WARNING in cpu_tb.sdf.ram.inst at time              5805000 ns: 
Reading from out-of-range address. Max address in cpu_tb.sdf.ram.inst is        8191
WARNING in cpu_tb.sdf.ram.inst at time              5805000 ns: 
Reading from out-of-range address. Max address in cpu_tb.sdf.ram.inst is        8191
WARNING in cpu_tb.sdf.ram.inst at time              5835000 ns: 
Reading from out-of-range address. Max address in cpu_tb.sdf.ram.inst is        8191
WARNING in cpu_tb.sdf.ram.inst at time              5835000 ns: 
Reading from out-of-range address. Max address in cpu_tb.sdf.ram.inst is        8191
WARNING in cpu_tb.sdf.ram.inst at time              5865000 ns: 
Reading from out-of-range address. Max address in cpu_tb.sdf.ram.inst is        8191
WARNING in cpu_tb.sdf.ram.inst at time              5865000 ns: 
Reading from out-of-range address. Max address in cpu_tb.sdf.ram.inst is        8191
WARNING in cpu_tb.sdf.ram.inst at time              5915000 ns: 
Reading from out-of-range address. Max address in cpu_tb.sdf.ram.inst is        8191
WARNING in cpu_tb.sdf.ram.inst at time              5915000 ns: 
Reading from out-of-range address. Max address in cpu_tb.sdf.ram.inst is        8191
WARNING in cpu_tb.sdf.ram.inst at time              5945000 ns: 
Reading from out-of-range address. Max address in cpu_tb.sdf.ram.inst is        8191
WARNING in cpu_tb.sdf.ram.inst at time              5945000 ns: 
Reading from out-of-range address. Max address in cpu_tb.sdf.ram.inst is        8191
WARNING in cpu_tb.sdf.ram.inst at time              5975000 ns: 
Reading from out-of-range address. Max address in cpu_tb.sdf.ram.inst is        8191
WARNING in cpu_tb.sdf.ram.inst at time              5975000 ns: 
Reading from out-of-range address. Max address in cpu_tb.sdf.ram.inst is        8191
WARNING in cpu_tb.sdf.ram.inst at time              6025000 ns: 
Reading from out-of-range address. Max address in cpu_tb.sdf.ram.inst is        8191
WARNING in cpu_tb.sdf.ram.inst at time              6025000 ns: 
Reading from out-of-range address. Max address in cpu_tb.sdf.ram.inst is        8191
WARNING in cpu_tb.sdf.ram.inst at time              6055000 ns: 
Reading from out-of-range address. Max address in cpu_tb.sdf.ram.inst is        8191
WARNING in cpu_tb.sdf.ram.inst at time              6055000 ns: 
Reading from out-of-range address. Max address in cpu_tb.sdf.ram.inst is        8191
WARNING in cpu_tb.sdf.ram.inst at time              6123000 ns: 
Reading from out-of-range address. Max address in cpu_tb.sdf.ram.inst is        8191
WARNING in cpu_tb.sdf.ram.inst at time              6123000 ns: 
Reading from out-of-range address. Max address in cpu_tb.sdf.ram.inst is        8191
WARNING in cpu_tb.sdf.ram.inst at time              6163000 ns: 
Reading from out-of-range address. Max address in cpu_tb.sdf.ram.inst is        8191
WARNING in cpu_tb.sdf.ram.inst at time              6163000 ns: 
Reading from out-of-range address. Max address in cpu_tb.sdf.ram.inst is        8191
WARNING in cpu_tb.sdf.ram.inst at time              6211000 ns: 
Reading from out-of-range address. Max address in cpu_tb.sdf.ram.inst is        8191
WARNING in cpu_tb.sdf.ram.inst at time              6211000 ns: 
Reading from out-of-range address. Max address in cpu_tb.sdf.ram.inst is        8191
WARNING in cpu_tb.sdf.ram.inst at time              6261000 ns: 
Reading from out-of-range address. Max address in cpu_tb.sdf.ram.inst is        8191
WARNING in cpu_tb.sdf.ram.inst at time              6261000 ns: 
Reading from out-of-range address. Max address in cpu_tb.sdf.ram.inst is        8191
WARNING in cpu_tb.sdf.ram.inst at time              6291000 ns: 
Reading from out-of-range address. Max address in cpu_tb.sdf.ram.inst is        8191
WARNING in cpu_tb.sdf.ram.inst at time              6291000 ns: 
Reading from out-of-range address. Max address in cpu_tb.sdf.ram.inst is        8191
WARNING in cpu_tb.sdf.ram.inst at time              6321000 ns: 
Reading from out-of-range address. Max address in cpu_tb.sdf.ram.inst is        8191
WARNING in cpu_tb.sdf.ram.inst at time              6321000 ns: 
Reading from out-of-range address. Max address in cpu_tb.sdf.ram.inst is        8191
WARNING in cpu_tb.sdf.ram.inst at time              6381000 ns: 
Reading from out-of-range address. Max address in cpu_tb.sdf.ram.inst is        8191
WARNING in cpu_tb.sdf.ram.inst at time              6381000 ns: 
Reading from out-of-range address. Max address in cpu_tb.sdf.ram.inst is        8191
WARNING in cpu_tb.sdf.ram.inst at time              6411000 ns: 
Reading from out-of-range address. Max address in cpu_tb.sdf.ram.inst is        8191
WARNING in cpu_tb.sdf.ram.inst at time              6411000 ns: 
Reading from out-of-range address. Max address in cpu_tb.sdf.ram.inst is        8191
WARNING in cpu_tb.sdf.ram.inst at time              6441000 ns: 
Reading from out-of-range address. Max address in cpu_tb.sdf.ram.inst is        8191
WARNING in cpu_tb.sdf.ram.inst at time              6441000 ns: 
Reading from out-of-range address. Max address in cpu_tb.sdf.ram.inst is        8191
WARNING in cpu_tb.sdf.ram.inst at time              6509000 ns: 
Reading from out-of-range address. Max address in cpu_tb.sdf.ram.inst is        8191
WARNING in cpu_tb.sdf.ram.inst at time              6509000 ns: 
Reading from out-of-range address. Max address in cpu_tb.sdf.ram.inst is        8191
WARNING in cpu_tb.sdf.ram.inst at time              6549000 ns: 
Reading from out-of-range address. Max address in cpu_tb.sdf.ram.inst is        8191
WARNING in cpu_tb.sdf.ram.inst at time              6549000 ns: 
Reading from out-of-range address. Max address in cpu_tb.sdf.ram.inst is        8191
WARNING in cpu_tb.sdf.ram.inst at time              6579000 ns: 
Reading from out-of-range address. Max address in cpu_tb.sdf.ram.inst is        8191
WARNING in cpu_tb.sdf.ram.inst at time              6579000 ns: 
Reading from out-of-range address. Max address in cpu_tb.sdf.ram.inst is        8191
WARNING in cpu_tb.sdf.ram.inst at time              6617000 ns: 
Reading from out-of-range address. Max address in cpu_tb.sdf.ram.inst is        8191
WARNING in cpu_tb.sdf.ram.inst at time              6617000 ns: 
Reading from out-of-range address. Max address in cpu_tb.sdf.ram.inst is        8191
WARNING in cpu_tb.sdf.ram.inst at time              6685000 ns: 
Reading from out-of-range address. Max address in cpu_tb.sdf.ram.inst is        8191
WARNING in cpu_tb.sdf.ram.inst at time              6685000 ns: 
Reading from out-of-range address. Max address in cpu_tb.sdf.ram.inst is        8191
WARNING in cpu_tb.sdf.ram.inst at time              6695000 ns: 
Reading from out-of-range address. Max address in cpu_tb.sdf.ram.inst is        8191
WARNING in cpu_tb.sdf.ram.inst at time              6695000 ns: 
Reading from out-of-range address. Max address in cpu_tb.sdf.ram.inst is        8191
WARNING in cpu_tb.sdf.ram.inst at time              6733000 ns: 
Reading from out-of-range address. Max address in cpu_tb.sdf.ram.inst is        8191
WARNING in cpu_tb.sdf.ram.inst at time              6733000 ns: 
Reading from out-of-range address. Max address in cpu_tb.sdf.ram.inst is        8191
WARNING in cpu_tb.sdf.ram.inst at time              6801000 ns: 
Reading from out-of-range address. Max address in cpu_tb.sdf.ram.inst is        8191
WARNING in cpu_tb.sdf.ram.inst at time              6801000 ns: 
Reading from out-of-range address. Max address in cpu_tb.sdf.ram.inst is        8191
WARNING in cpu_tb.sdf.ram.inst at time              6811000 ns: 
Reading from out-of-range address. Max address in cpu_tb.sdf.ram.inst is        8191
WARNING in cpu_tb.sdf.ram.inst at time              6811000 ns: 
Reading from out-of-range address. Max address in cpu_tb.sdf.ram.inst is        8191
WARNING in cpu_tb.sdf.ram.inst at time              6849000 ns: 
Reading from out-of-range address. Max address in cpu_tb.sdf.ram.inst is        8191
WARNING in cpu_tb.sdf.ram.inst at time              6849000 ns: 
Reading from out-of-range address. Max address in cpu_tb.sdf.ram.inst is        8191
WARNING in cpu_tb.sdf.ram.inst at time              6923000 ns: 
Reading from out-of-range address. Max address in cpu_tb.sdf.ram.inst is        8191
WARNING in cpu_tb.sdf.ram.inst at time              6923000 ns: 
Reading from out-of-range address. Max address in cpu_tb.sdf.ram.inst is        8191
WARNING in cpu_tb.sdf.ram.inst at time              6943000 ns: 
Reading from out-of-range address. Max address in cpu_tb.sdf.ram.inst is        8191
WARNING in cpu_tb.sdf.ram.inst at time              6943000 ns: 
Reading from out-of-range address. Max address in cpu_tb.sdf.ram.inst is        8191
WARNING in cpu_tb.sdf.ram.inst at time              6985000 ns: 
Reading from out-of-range address. Max address in cpu_tb.sdf.ram.inst is        8191
WARNING in cpu_tb.sdf.ram.inst at time              6985000 ns: 
Reading from out-of-range address. Max address in cpu_tb.sdf.ram.inst is        8191
WARNING in cpu_tb.sdf.ram.inst at time              7005000 ns: 
Reading from out-of-range address. Max address in cpu_tb.sdf.ram.inst is        8191
WARNING in cpu_tb.sdf.ram.inst at time              7005000 ns: 
Reading from out-of-range address. Max address in cpu_tb.sdf.ram.inst is        8191
WARNING in cpu_tb.sdf.ram.inst at time              7047000 ns: 
Reading from out-of-range address. Max address in cpu_tb.sdf.ram.inst is        8191
WARNING in cpu_tb.sdf.ram.inst at time              7047000 ns: 
Reading from out-of-range address. Max address in cpu_tb.sdf.ram.inst is        8191
WARNING in cpu_tb.sdf.ram.inst at time              7067000 ns: 
Reading from out-of-range address. Max address in cpu_tb.sdf.ram.inst is        8191
WARNING in cpu_tb.sdf.ram.inst at time              7067000 ns: 
Reading from out-of-range address. Max address in cpu_tb.sdf.ram.inst is        8191
WARNING in cpu_tb.sdf.ram.inst at time              7125000 ns: 
Reading from out-of-range address. Max address in cpu_tb.sdf.ram.inst is        8191
WARNING in cpu_tb.sdf.ram.inst at time              7125000 ns: 
Reading from out-of-range address. Max address in cpu_tb.sdf.ram.inst is        8191
WARNING in cpu_tb.sdf.ram.inst at time              7145000 ns: 
Reading from out-of-range address. Max address in cpu_tb.sdf.ram.inst is        8191
WARNING in cpu_tb.sdf.ram.inst at time              7145000 ns: 
Reading from out-of-range address. Max address in cpu_tb.sdf.ram.inst is        8191
WARNING in cpu_tb.sdf.ram.inst at time              7187000 ns: 
Reading from out-of-range address. Max address in cpu_tb.sdf.ram.inst is        8191
WARNING in cpu_tb.sdf.ram.inst at time              7187000 ns: 
Reading from out-of-range address. Max address in cpu_tb.sdf.ram.inst is        8191
WARNING in cpu_tb.sdf.ram.inst at time              7215000 ns: 
Reading from out-of-range address. Max address in cpu_tb.sdf.ram.inst is        8191
WARNING in cpu_tb.sdf.ram.inst at time              7215000 ns: 
Reading from out-of-range address. Max address in cpu_tb.sdf.ram.inst is        8191
WARNING in cpu_tb.sdf.ram.inst at time              7253000 ns: 
Reading from out-of-range address. Max address in cpu_tb.sdf.ram.inst is        8191
WARNING in cpu_tb.sdf.ram.inst at time              7253000 ns: 
Reading from out-of-range address. Max address in cpu_tb.sdf.ram.inst is        8191
WARNING in cpu_tb.sdf.ram.inst at time              7325000 ns: 
Reading from out-of-range address. Max address in cpu_tb.sdf.ram.inst is        8191
WARNING in cpu_tb.sdf.ram.inst at time              7325000 ns: 
Reading from out-of-range address. Max address in cpu_tb.sdf.ram.inst is        8191
WARNING in cpu_tb.sdf.ram.inst at time              7333000 ns: 
Reading from out-of-range address. Max address in cpu_tb.sdf.ram.inst is        8191
WARNING in cpu_tb.sdf.ram.inst at time              7333000 ns: 
Reading from out-of-range address. Max address in cpu_tb.sdf.ram.inst is        8191
WARNING in cpu_tb.sdf.ram.inst at time              7341000 ns: 
Reading from out-of-range address. Max address in cpu_tb.sdf.ram.inst is        8191
WARNING in cpu_tb.sdf.ram.inst at time              7341000 ns: 
Reading from out-of-range address. Max address in cpu_tb.sdf.ram.inst is        8191
WARNING in cpu_tb.sdf.ram.inst at time              7371000 ns: 
Reading from out-of-range address. Max address in cpu_tb.sdf.ram.inst is        8191
WARNING in cpu_tb.sdf.ram.inst at time              7371000 ns: 
Reading from out-of-range address. Max address in cpu_tb.sdf.ram.inst is        8191
WARNING in cpu_tb.sdf.ram.inst at time              7391000 ns: 
Reading from out-of-range address. Max address in cpu_tb.sdf.ram.inst is        8191
WARNING in cpu_tb.sdf.ram.inst at time              7391000 ns: 
Reading from out-of-range address. Max address in cpu_tb.sdf.ram.inst is        8191
WARNING in cpu_tb.sdf.ram.inst at time              7431000 ns: 
Reading from out-of-range address. Max address in cpu_tb.sdf.ram.inst is        8191
WARNING in cpu_tb.sdf.ram.inst at time              7431000 ns: 
Reading from out-of-range address. Max address in cpu_tb.sdf.ram.inst is        8191
WARNING in cpu_tb.sdf.ram.inst at time              7439000 ns: 
Reading from out-of-range address. Max address in cpu_tb.sdf.ram.inst is        8191
WARNING in cpu_tb.sdf.ram.inst at time              7439000 ns: 
Reading from out-of-range address. Max address in cpu_tb.sdf.ram.inst is        8191
WARNING in cpu_tb.sdf.ram.inst at time              7447000 ns: 
Reading from out-of-range address. Max address in cpu_tb.sdf.ram.inst is        8191
WARNING in cpu_tb.sdf.ram.inst at time              7447000 ns: 
Reading from out-of-range address. Max address in cpu_tb.sdf.ram.inst is        8191
WARNING in cpu_tb.sdf.ram.inst at time              7477000 ns: 
Reading from out-of-range address. Max address in cpu_tb.sdf.ram.inst is        8191
WARNING in cpu_tb.sdf.ram.inst at time              7477000 ns: 
Reading from out-of-range address. Max address in cpu_tb.sdf.ram.inst is        8191
WARNING in cpu_tb.sdf.ram.inst at time              7497000 ns: 
Reading from out-of-range address. Max address in cpu_tb.sdf.ram.inst is        8191
WARNING in cpu_tb.sdf.ram.inst at time              7497000 ns: 
Reading from out-of-range address. Max address in cpu_tb.sdf.ram.inst is        8191
WARNING in cpu_tb.sdf.ram.inst at time              7537000 ns: 
Reading from out-of-range address. Max address in cpu_tb.sdf.ram.inst is        8191
WARNING in cpu_tb.sdf.ram.inst at time              7537000 ns: 
Reading from out-of-range address. Max address in cpu_tb.sdf.ram.inst is        8191
WARNING in cpu_tb.sdf.ram.inst at time              7545000 ns: 
Reading from out-of-range address. Max address in cpu_tb.sdf.ram.inst is        8191
WARNING in cpu_tb.sdf.ram.inst at time              7545000 ns: 
Reading from out-of-range address. Max address in cpu_tb.sdf.ram.inst is        8191
WARNING in cpu_tb.sdf.ram.inst at time              7553000 ns: 
Reading from out-of-range address. Max address in cpu_tb.sdf.ram.inst is        8191
WARNING in cpu_tb.sdf.ram.inst at time              7553000 ns: 
Reading from out-of-range address. Max address in cpu_tb.sdf.ram.inst is        8191
WARNING in cpu_tb.sdf.ram.inst at time              7591000 ns: 
Reading from out-of-range address. Max address in cpu_tb.sdf.ram.inst is        8191
WARNING in cpu_tb.sdf.ram.inst at time              7591000 ns: 
Reading from out-of-range address. Max address in cpu_tb.sdf.ram.inst is        8191
WARNING in cpu_tb.sdf.ram.inst at time              7611000 ns: 
Reading from out-of-range address. Max address in cpu_tb.sdf.ram.inst is        8191
WARNING in cpu_tb.sdf.ram.inst at time              7611000 ns: 
Reading from out-of-range address. Max address in cpu_tb.sdf.ram.inst is        8191
WARNING in cpu_tb.sdf.ram.inst at time              7667000 ns: 
Reading from out-of-range address. Max address in cpu_tb.sdf.ram.inst is        8191
WARNING in cpu_tb.sdf.ram.inst at time              7667000 ns: 
Reading from out-of-range address. Max address in cpu_tb.sdf.ram.inst is        8191
WARNING in cpu_tb.sdf.ram.inst at time              7675000 ns: 
Reading from out-of-range address. Max address in cpu_tb.sdf.ram.inst is        8191
WARNING in cpu_tb.sdf.ram.inst at time              7675000 ns: 
Reading from out-of-range address. Max address in cpu_tb.sdf.ram.inst is        8191
WARNING in cpu_tb.sdf.ram.inst at time              7683000 ns: 
Reading from out-of-range address. Max address in cpu_tb.sdf.ram.inst is        8191
WARNING in cpu_tb.sdf.ram.inst at time              7683000 ns: 
Reading from out-of-range address. Max address in cpu_tb.sdf.ram.inst is        8191
WARNING in cpu_tb.sdf.ram.inst at time              7721000 ns: 
Reading from out-of-range address. Max address in cpu_tb.sdf.ram.inst is        8191
WARNING in cpu_tb.sdf.ram.inst at time              7721000 ns: 
Reading from out-of-range address. Max address in cpu_tb.sdf.ram.inst is        8191
WARNING in cpu_tb.sdf.ram.inst at time              7741000 ns: 
Reading from out-of-range address. Max address in cpu_tb.sdf.ram.inst is        8191
WARNING in cpu_tb.sdf.ram.inst at time              7741000 ns: 
Reading from out-of-range address. Max address in cpu_tb.sdf.ram.inst is        8191
WARNING in cpu_tb.sdf.ram.inst at time              7781000 ns: 
Reading from out-of-range address. Max address in cpu_tb.sdf.ram.inst is        8191
WARNING in cpu_tb.sdf.ram.inst at time              7781000 ns: 
Reading from out-of-range address. Max address in cpu_tb.sdf.ram.inst is        8191
WARNING in cpu_tb.sdf.ram.inst at time              7789000 ns: 
Reading from out-of-range address. Max address in cpu_tb.sdf.ram.inst is        8191
WARNING in cpu_tb.sdf.ram.inst at time              7789000 ns: 
Reading from out-of-range address. Max address in cpu_tb.sdf.ram.inst is        8191
WARNING in cpu_tb.sdf.ram.inst at time              7797000 ns: 
Reading from out-of-range address. Max address in cpu_tb.sdf.ram.inst is        8191
WARNING in cpu_tb.sdf.ram.inst at time              7797000 ns: 
Reading from out-of-range address. Max address in cpu_tb.sdf.ram.inst is        8191
WARNING in cpu_tb.sdf.ram.inst at time              7835000 ns: 
Reading from out-of-range address. Max address in cpu_tb.sdf.ram.inst is        8191
WARNING in cpu_tb.sdf.ram.inst at time              7835000 ns: 
Reading from out-of-range address. Max address in cpu_tb.sdf.ram.inst is        8191
WARNING in cpu_tb.sdf.ram.inst at time              7855000 ns: 
Reading from out-of-range address. Max address in cpu_tb.sdf.ram.inst is        8191
WARNING in cpu_tb.sdf.ram.inst at time              7855000 ns: 
Reading from out-of-range address. Max address in cpu_tb.sdf.ram.inst is        8191
WARNING in cpu_tb.sdf.ram.inst at time              7893000 ns: 
Reading from out-of-range address. Max address in cpu_tb.sdf.ram.inst is        8191
WARNING in cpu_tb.sdf.ram.inst at time              7893000 ns: 
Reading from out-of-range address. Max address in cpu_tb.sdf.ram.inst is        8191
WARNING in cpu_tb.sdf.ram.inst at time              7971000 ns: 
Reading from out-of-range address. Max address in cpu_tb.sdf.ram.inst is        8191
WARNING in cpu_tb.sdf.ram.inst at time              7971000 ns: 
Reading from out-of-range address. Max address in cpu_tb.sdf.ram.inst is        8191
WARNING in cpu_tb.sdf.ram.inst at time              7985000 ns: 
Reading from out-of-range address. Max address in cpu_tb.sdf.ram.inst is        8191
WARNING in cpu_tb.sdf.ram.inst at time              7985000 ns: 
Reading from out-of-range address. Max address in cpu_tb.sdf.ram.inst is        8191
WARNING in cpu_tb.sdf.ram.inst at time              8017000 ns: 
Reading from out-of-range address. Max address in cpu_tb.sdf.ram.inst is        8191
WARNING in cpu_tb.sdf.ram.inst at time              8017000 ns: 
Reading from out-of-range address. Max address in cpu_tb.sdf.ram.inst is        8191
WARNING in cpu_tb.sdf.ram.inst at time              8045000 ns: 
Reading from out-of-range address. Max address in cpu_tb.sdf.ram.inst is        8191
WARNING in cpu_tb.sdf.ram.inst at time              8045000 ns: 
Reading from out-of-range address. Max address in cpu_tb.sdf.ram.inst is        8191
WARNING in cpu_tb.sdf.ram.inst at time              8059000 ns: 
Reading from out-of-range address. Max address in cpu_tb.sdf.ram.inst is        8191
WARNING in cpu_tb.sdf.ram.inst at time              8059000 ns: 
Reading from out-of-range address. Max address in cpu_tb.sdf.ram.inst is        8191
WARNING in cpu_tb.sdf.ram.inst at time              8091000 ns: 
Reading from out-of-range address. Max address in cpu_tb.sdf.ram.inst is        8191
WARNING in cpu_tb.sdf.ram.inst at time              8091000 ns: 
Reading from out-of-range address. Max address in cpu_tb.sdf.ram.inst is        8191
WARNING in cpu_tb.sdf.ram.inst at time              8137000 ns: 
Reading from out-of-range address. Max address in cpu_tb.sdf.ram.inst is        8191
WARNING in cpu_tb.sdf.ram.inst at time              8137000 ns: 
Reading from out-of-range address. Max address in cpu_tb.sdf.ram.inst is        8191
WARNING in cpu_tb.sdf.ram.inst at time              8151000 ns: 
Reading from out-of-range address. Max address in cpu_tb.sdf.ram.inst is        8191
WARNING in cpu_tb.sdf.ram.inst at time              8151000 ns: 
Reading from out-of-range address. Max address in cpu_tb.sdf.ram.inst is        8191
WARNING in cpu_tb.sdf.ram.inst at time              8165000 ns: 
Reading from out-of-range address. Max address in cpu_tb.sdf.ram.inst is        8191
WARNING in cpu_tb.sdf.ram.inst at time              8165000 ns: 
Reading from out-of-range address. Max address in cpu_tb.sdf.ram.inst is        8191
WARNING in cpu_tb.sdf.ram.inst at time              8193000 ns: 
Reading from out-of-range address. Max address in cpu_tb.sdf.ram.inst is        8191
WARNING in cpu_tb.sdf.ram.inst at time              8193000 ns: 
Reading from out-of-range address. Max address in cpu_tb.sdf.ram.inst is        8191
WARNING in cpu_tb.sdf.ram.inst at time              8207000 ns: 
Reading from out-of-range address. Max address in cpu_tb.sdf.ram.inst is        8191
WARNING in cpu_tb.sdf.ram.inst at time              8207000 ns: 
Reading from out-of-range address. Max address in cpu_tb.sdf.ram.inst is        8191
WARNING in cpu_tb.sdf.ram.inst at time              8221000 ns: 
Reading from out-of-range address. Max address in cpu_tb.sdf.ram.inst is        8191
WARNING in cpu_tb.sdf.ram.inst at time              8221000 ns: 
Reading from out-of-range address. Max address in cpu_tb.sdf.ram.inst is        8191
WARNING in cpu_tb.sdf.ram.inst at time              8259000 ns: 
Reading from out-of-range address. Max address in cpu_tb.sdf.ram.inst is        8191
WARNING in cpu_tb.sdf.ram.inst at time              8259000 ns: 
Reading from out-of-range address. Max address in cpu_tb.sdf.ram.inst is        8191
WARNING in cpu_tb.sdf.ram.inst at time              8439000 ns: 
Reading from out-of-range address. Max address in cpu_tb.sdf.ram.inst is        8191
WARNING in cpu_tb.sdf.ram.inst at time              8439000 ns: 
Reading from out-of-range address. Max address in cpu_tb.sdf.ram.inst is        8191
WARNING in cpu_tb.sdf.ram.inst at time              8477000 ns: 
Reading from out-of-range address. Max address in cpu_tb.sdf.ram.inst is        8191
WARNING in cpu_tb.sdf.ram.inst at time              8477000 ns: 
Reading from out-of-range address. Max address in cpu_tb.sdf.ram.inst is        8191
WARNING in cpu_tb.sdf.ram.inst at time              8557000 ns: 
Reading from out-of-range address. Max address in cpu_tb.sdf.ram.inst is        8191
WARNING in cpu_tb.sdf.ram.inst at time              8557000 ns: 
Reading from out-of-range address. Max address in cpu_tb.sdf.ram.inst is        8191
WARNING in cpu_tb.sdf.ram.inst at time              8613000 ns: 
Reading from out-of-range address. Max address in cpu_tb.sdf.ram.inst is        8191
WARNING in cpu_tb.sdf.ram.inst at time              8613000 ns: 
Reading from out-of-range address. Max address in cpu_tb.sdf.ram.inst is        8191
WARNING in cpu_tb.sdf.ram.inst at time              8669000 ns: 
Reading from out-of-range address. Max address in cpu_tb.sdf.ram.inst is        8191
WARNING in cpu_tb.sdf.ram.inst at time              8669000 ns: 
Reading from out-of-range address. Max address in cpu_tb.sdf.ram.inst is        8191
WARNING in cpu_tb.sdf.ram.inst at time              8707000 ns: 
Reading from out-of-range address. Max address in cpu_tb.sdf.ram.inst is        8191
WARNING in cpu_tb.sdf.ram.inst at time              8707000 ns: 
Reading from out-of-range address. Max address in cpu_tb.sdf.ram.inst is        8191
WARNING in cpu_tb.sdf.ram.inst at time              8775000 ns: 
Reading from out-of-range address. Max address in cpu_tb.sdf.ram.inst is        8191
WARNING in cpu_tb.sdf.ram.inst at time              8775000 ns: 
Reading from out-of-range address. Max address in cpu_tb.sdf.ram.inst is        8191
WARNING in cpu_tb.sdf.ram.inst at time              8843000 ns: 
Reading from out-of-range address. Max address in cpu_tb.sdf.ram.inst is        8191
WARNING in cpu_tb.sdf.ram.inst at time              8843000 ns: 
Reading from out-of-range address. Max address in cpu_tb.sdf.ram.inst is        8191
WARNING in cpu_tb.sdf.ram.inst at time              8997000 ns: 
Reading from out-of-range address. Max address in cpu_tb.sdf.ram.inst is        8191
WARNING in cpu_tb.sdf.ram.inst at time              8997000 ns: 
Reading from out-of-range address. Max address in cpu_tb.sdf.ram.inst is        8191
WARNING in cpu_tb.sdf.ram.inst at time              9035000 ns: 
Reading from out-of-range address. Max address in cpu_tb.sdf.ram.inst is        8191
WARNING in cpu_tb.sdf.ram.inst at time              9035000 ns: 
Reading from out-of-range address. Max address in cpu_tb.sdf.ram.inst is        8191
WARNING in cpu_tb.sdf.ram.inst at time              9085000 ns: 
Reading from out-of-range address. Max address in cpu_tb.sdf.ram.inst is        8191
WARNING in cpu_tb.sdf.ram.inst at time              9085000 ns: 
Reading from out-of-range address. Max address in cpu_tb.sdf.ram.inst is        8191
WARNING in cpu_tb.sdf.ram.inst at time              9277000 ns: 
Reading from out-of-range address. Max address in cpu_tb.sdf.ram.inst is        8191
WARNING in cpu_tb.sdf.ram.inst at time              9277000 ns: 
Reading from out-of-range address. Max address in cpu_tb.sdf.ram.inst is        8191
WARNING in cpu_tb.sdf.ram.inst at time              9315000 ns: 
Reading from out-of-range address. Max address in cpu_tb.sdf.ram.inst is        8191
WARNING in cpu_tb.sdf.ram.inst at time              9315000 ns: 
Reading from out-of-range address. Max address in cpu_tb.sdf.ram.inst is        8191
WARNING in cpu_tb.sdf.ram.inst at time              9389000 ns: 
Reading from out-of-range address. Max address in cpu_tb.sdf.ram.inst is        8191
WARNING in cpu_tb.sdf.ram.inst at time              9389000 ns: 
Reading from out-of-range address. Max address in cpu_tb.sdf.ram.inst is        8191
WARNING in cpu_tb.sdf.ram.inst at time              9457000 ns: 
Reading from out-of-range address. Max address in cpu_tb.sdf.ram.inst is        8191
WARNING in cpu_tb.sdf.ram.inst at time              9457000 ns: 
Reading from out-of-range address. Max address in cpu_tb.sdf.ram.inst is        8191
WARNING in cpu_tb.sdf.ram.inst at time              9487000 ns: 
Reading from out-of-range address. Max address in cpu_tb.sdf.ram.inst is        8191
WARNING in cpu_tb.sdf.ram.inst at time              9487000 ns: 
Reading from out-of-range address. Max address in cpu_tb.sdf.ram.inst is        8191
WARNING in cpu_tb.sdf.ram.inst at time              9641000 ns: 
Reading from out-of-range address. Max address in cpu_tb.sdf.ram.inst is        8191
WARNING in cpu_tb.sdf.ram.inst at time              9641000 ns: 
Reading from out-of-range address. Max address in cpu_tb.sdf.ram.inst is        8191
WARNING in cpu_tb.sdf.ram.inst at time              9713000 ns: 
Reading from out-of-range address. Max address in cpu_tb.sdf.ram.inst is        8191
WARNING in cpu_tb.sdf.ram.inst at time              9713000 ns: 
Reading from out-of-range address. Max address in cpu_tb.sdf.ram.inst is        8191
